<?xml version="1.0" encoding="UTF-8"?>
<!-- Generated by org.testng.reporters.JUnitXMLReporter -->
<testsuite ignored="0" hostname="RazvanAsus" failures="1" tests="1" name="GoogleSearchTest1" time="2.091" errors="0" timestamp="2023-05-17T10:32:39 EEST">
  <testcase classname="epayAutomation.GoogleResultTest" name="searchPageTest" time="0.006">
    <failure type="org.testng.internal.reflect.MethodMatcherException" message="
[public void epayAutomation.GoogleResultTest.searchPageTest()] has no parameters defined but was found to be using a data provider (either explicitly specified or inherited from class level annotation).
Data provider mismatch
Method: searchPageTest([])
Arguments: [(java.lang.String) Docker,(java.lang.Integer) 3]">
      <![CDATA[org.testng.internal.reflect.MethodMatcherException: 
[public void epayAutomation.GoogleResultTest.searchPageTest()] has no parameters defined but was found to be using a data provider (either explicitly specified or inherited from class level annotation).
Data provider mismatch
Method: searchPageTest([])
Arguments: [(java.lang.String) Docker,(java.lang.Integer) 3]
at java.base/java.util.ArrayList.forEach(ArrayList.java:1511)
at java.base/java.util.concurrent.FutureTask.run(FutureTask.java:264)
at java.base/java.util.concurrent.ThreadPoolExecutor.runWorker(ThreadPoolExecutor.java:1136)
at java.base/java.util.concurrent.ThreadPoolExecutor$Worker.run(ThreadPoolExecutor.java:635)
at java.base/java.lang.Thread.run(Thread.java:833)
... Removed 12 stack frames]]>
    </failure>
  </testcase> <!-- searchPageTest -->
</testsuite> <!-- GoogleSearchTest1 -->
